<?xml version="1.0" encoding="UTF-8"?>
<testng-results skipped="0" failed="0" ignored="0" total="1" passed="1">
  <reporter-output>
  </reporter-output>
  <suite name="Default suite" duration-ms="9279" started-at="2019-08-07T10:57:22Z" finished-at="2019-08-07T10:57:32Z">
    <groups>
    </groups>
    <test name="Default test" duration-ms="9279" started-at="2019-08-07T10:57:22Z" finished-at="2019-08-07T10:57:32Z">
      <class name="com.CRM.QA.TestCases.LoginPageTest">
        <test-method status="PASS" signature="setUp()[pri:0, instance:com.CRM.QA.TestCases.LoginPageTest@77caeb3e]" name="setUp" is-config="true" duration-ms="8787" started-at="2019-08-07T16:27:23Z" finished-at="2019-08-07T16:27:31Z">
          <reporter-output>
          </reporter-output>
        </test-method> <!-- setUp -->
        <test-method status="PASS" signature="loginTest()[pri:1, instance:com.CRM.QA.TestCases.LoginPageTest@77caeb3e]" name="loginTest" duration-ms="349" started-at="2019-08-07T16:27:31Z" finished-at="2019-08-07T16:27:32Z">
          <reporter-output>
          </reporter-output>
        </test-method> <!-- loginTest -->
        <test-method status="PASS" signature="tearDown()[pri:0, instance:com.CRM.QA.TestCases.LoginPageTest@77caeb3e]" name="tearDown" is-config="true" duration-ms="125" started-at="2019-08-07T16:27:32Z" finished-at="2019-08-07T16:27:32Z">
          <reporter-output>
          </reporter-output>
        </test-method> <!-- tearDown -->
      </class> <!-- com.CRM.QA.TestCases.LoginPageTest -->
    </test> <!-- Default test -->
  </suite> <!-- Default suite -->
</testng-results>
